#
# There is insufficient memory for the Java Runtime Environment to continue.
# Native memory allocation (malloc) failed to allocate 1048576 bytes for AllocateHeap
# Possible reasons:
#   The system is out of physical RAM or swap space
#   The process is running with CompressedOops enabled, and the Java Heap may be blocking the growth of the native heap
# Possible solutions:
#   Reduce memory load on the system
#   Increase physical memory or swap space
#   Check if swap backing store is full
#   Decrease Java heap size (-Xmx/-Xms)
#   Decrease number of Java threads
#   Decrease Java thread stack sizes (-Xss)
#   Set larger code cache with -XX:ReservedCodeCacheSize=
#   JVM is running with Unscaled Compressed Oops mode in which the Java heap is
#     placed in the first 4GB address space. The Java Heap base address is the
#     maximum limit for the native heap growth. Please use -XX:HeapBaseMinAddress
#     to set the Java Heap base and to place the Java Heap above 4GB virtual address.
# This output file may be truncated or incomplete.
#
#  Out of Memory Error (memory/allocation.inline.hpp:61), pid=3588, tid=0x0000000000000a20
#
# JRE version:  (8.0_301-b09) (build )
# Java VM: Java HotSpot(TM) 64-Bit Server VM (25.301-b09 mixed mode windows-amd64 compressed oops)
# Failed to write core dump. Minidumps are not enabled by default on client versions of Windows
#

---------------  T H R E A D  ---------------

Current thread (0x0000008508a86800):  JavaThread "Unknown thread" [_thread_in_vm, id=2592, stack(0x000000850a280000,0x000000850a380000)]

Stack: [0x000000850a280000,0x000000850a380000]
Native frames: (J=compiled Java code, j=interpreted, Vv=VM code, C=native code)
V  [jvm.dll+0x32ed79]


---------------  P R O C E S S  ---------------

Java Threads: ( => current thread )

Other Threads:

=>0x0000008508a86800 (exited) JavaThread "Unknown thread" [_thread_in_vm, id=2592, stack(0x000000850a280000,0x000000850a380000)]

VM state:not at safepoint (normal execution)

VM Mutex/Monitor currently owned by a thread: None

heap address: 0x00000000b1000000, size: 1264 MB, Compressed Oops mode: 32-bit
Narrow klass base: 0x0000000000000000, Narrow klass shift: 3
Compressed class space size: 1073741824 Address: 0x0000000100000000

Heap:
 PSYoungGen      total 24064K, used 419K [0x00000000e5b00000, 0x00000000e7580000, 0x0000000100000000)
  eden space 20992K, 2% used [0x00000000e5b00000,0x00000000e5b68f68,0x00000000e6f80000)
  from space 3072K, 0% used [0x00000000e7280000,0x00000000e7280000,0x00000000e7580000)
  to   space 3072K, 0% used [0x00000000e6f80000,0x00000000e6f80000,0x00000000e7280000)
 ParOldGen       total 54784K, used 0K [0x00000000b1000000, 0x00000000b4580000, 0x00000000e5b00000)
  object space 54784K, 0% used [0x00000000b1000000,0x00000000b1000000,0x00000000b4580000)
 Metaspace       used 753K, capacity 4480K, committed 4480K, reserved 1056768K
  class space    used 76K, capacity 384K, committed 384K, reserved 1048576K

Card table byte_map: [0x0000008519760000,0x00000085199e0000] byte_map_base: 0x00000085191d8000

Marking Bits: (ParMarkBitMap*) 0x000000005b787fe0
 Begin Bits: [0x0000008519d90000, 0x000000851b150000)
 End Bits:   [0x000000851b150000, 0x000000851c510000)

Polling page: 0x0000008508a40000

CodeCache: size=245760Kb used=327Kb max_used=327Kb free=245432Kb
 bounds [0x000000850a3a0000, 0x000000850a610000, 0x00000085193a0000]
 total_blobs=56 nmethods=0 adapters=38
 compilation: enabled

Compilation events (0 events):
No events

GC Heap History (0 events):
No events

Deoptimization events (0 events):
No events

Classes redefined (0 events):
No events

Internal exceptions (0 events):
No events

Events (10 events):
Event: 0.026 loading class java/lang/Short
Event: 0.026 loading class java/lang/Short done
Event: 0.026 loading class java/lang/Integer
Event: 0.026 loading class java/lang/Integer done
Event: 0.026 loading class java/lang/Long
Event: 0.026 loading class java/lang/Long done
Event: 0.027 loading class java/lang/NullPointerException
Event: 0.027 loading class java/lang/NullPointerException done
Event: 0.027 loading class java/lang/ArithmeticException
Event: 0.027 loading class java/lang/ArithmeticException done


Dynamic libraries:
0x00007ff798ac0000 - 0x00007ff798b07000 	C:\Program Files\Java\jre1.8.0_301\bin\javaw.exe
0x00007ff8a7bf0000 - 0x00007ff8a7d9d000 	C:\Windows\SYSTEM32\ntdll.dll
0x00007ff8a77c0000 - 0x00007ff8a78ff000 	C:\Windows\system32\KERNEL32.DLL
0x00007ff8a5040000 - 0x00007ff8a5155000 	C:\Windows\system32\KERNELBASE.dll
0x00007ff8a38e0000 - 0x00007ff8a396e000 	C:\Windows\system32\apphelp.dll
0x00007ff88cae0000 - 0x00007ff88cb35000 	C:\Windows\AppPatch\AppPatch64\AcGenral.DLL
0x00007ff8a5490000 - 0x00007ff8a553a000 	C:\Windows\system32\msvcrt.dll
0x00007ff8a4fc0000 - 0x00007ff8a4fee000 	C:\Windows\system32\SspiCli.dll
0x00007ff8a7760000 - 0x00007ff8a77b4000 	C:\Windows\system32\SHLWAPI.dll
0x00007ff8a5540000 - 0x00007ff8a56b7000 	C:\Windows\system32\USER32.dll
0x00007ff8a79f0000 - 0x00007ff8a7b85000 	C:\Windows\system32\ole32.dll
0x00007ff8a5d90000 - 0x00007ff8a72be000 	C:\Windows\system32\SHELL32.dll
0x00007ff8a4340000 - 0x00007ff8a4361000 	C:\Windows\SYSTEM32\USERENV.dll
0x00007ff8a5cd0000 - 0x00007ff8a5d7a000 	C:\Windows\system32\ADVAPI32.dll
0x00007ff8972d0000 - 0x00007ff8972ee000 	C:\Windows\SYSTEM32\MPR.dll
0x00007ff8a7410000 - 0x00007ff8a754f000 	C:\Windows\system32\RPCRT4.dll
0x00007ff8a5c70000 - 0x00007ff8a5cc8000 	C:\Windows\SYSTEM32\sechost.dll
0x00007ff8a5270000 - 0x00007ff8a5481000 	C:\Windows\SYSTEM32\combase.dll
0x00007ff8a72c0000 - 0x00007ff8a740e000 	C:\Windows\system32\GDI32.dll
0x00007ff8a4d10000 - 0x00007ff8a4d25000 	C:\Windows\SYSTEM32\profapi.dll
0x00007ff8a2eb0000 - 0x00007ff8a2f62000 	C:\Windows\SYSTEM32\SHCORE.dll
0x00007ff8a59e0000 - 0x00007ff8a5a16000 	C:\Windows\system32\IMM32.DLL
0x00007ff8a56c0000 - 0x00007ff8a5811000 	C:\Windows\system32\MSCTF.dll
0x00007ff8a2960000 - 0x00007ff8a2bdb000 	C:\Windows\WinSxS\amd64_microsoft.windows.common-controls_6595b64144ccf1df_6.0.9600.19394_none_62486577ecb635cf\COMCTL32.dll
0x00007ff88cfc0000 - 0x00007ff88cfd5000 	C:\Program Files\Java\jre1.8.0_301\bin\vcruntime140.dll
0x00007ff88cfb0000 - 0x00007ff88cfb4000 	C:\Program Files\Java\jre1.8.0_301\bin\api-ms-win-crt-runtime-l1-1-0.dll
0x00007ff88cde0000 - 0x00007ff88cde3000 	C:\Program Files\Java\jre1.8.0_301\bin\api-ms-win-crt-heap-l1-1-0.dll
0x00007ff88cdd0000 - 0x00007ff88cdd4000 	C:\Program Files\Java\jre1.8.0_301\bin\api-ms-win-crt-string-l1-1-0.dll
0x00007ff88cdc0000 - 0x00007ff88cdc4000 	C:\Program Files\Java\jre1.8.0_301\bin\api-ms-win-crt-stdio-l1-1-0.dll
0x00007ff88cdb0000 - 0x00007ff88cdb4000 	C:\Program Files\Java\jre1.8.0_301\bin\api-ms-win-crt-convert-l1-1-0.dll
0x00007ff88b750000 - 0x00007ff88b84a000 	C:\Program Files\Java\jre1.8.0_301\bin\ucrtbase.DLL
0x00007ff88bb50000 - 0x00007ff88bbeb000 	C:\Program Files\Java\jre1.8.0_301\bin\msvcp140.dll
0x00007ff88cc70000 - 0x00007ff88cc73000 	C:\Program Files\Java\jre1.8.0_301\bin\api-ms-win-crt-locale-l1-1-0.dll
0x00007ff88cc60000 - 0x00007ff88cc65000 	C:\Program Files\Java\jre1.8.0_301\bin\api-ms-win-crt-math-l1-1-0.dll
0x00007ff88cc50000 - 0x00007ff88cc53000 	C:\Program Files\Java\jre1.8.0_301\bin\api-ms-win-crt-filesystem-l1-1-0.dll
0x00007ff88cc40000 - 0x00007ff88cc43000 	C:\Program Files\Java\jre1.8.0_301\bin\api-ms-win-crt-time-l1-1-0.dll
0x00007ff88cad0000 - 0x00007ff88cad3000 	C:\Program Files\Java\jre1.8.0_301\bin\api-ms-win-crt-environment-l1-1-0.dll
0x00007ff88cac0000 - 0x00007ff88cac3000 	C:\Program Files\Java\jre1.8.0_301\bin\api-ms-win-crt-utility-l1-1-0.dll
0x000000005afa0000 - 0x000000005b800000 	C:\Program Files\Java\jre1.8.0_301\bin\server\jvm.dll
0x00007ff893e10000 - 0x00007ff893e19000 	C:\Windows\SYSTEM32\WSOCK32.dll
0x00007ff8a2690000 - 0x00007ff8a26b2000 	C:\Windows\SYSTEM32\WINMM.dll
0x00007ff8a2950000 - 0x00007ff8a295a000 	C:\Windows\SYSTEM32\VERSION.dll
0x00007ff8a5d80000 - 0x00007ff8a5d87000 	C:\Windows\system32\PSAPI.DLL
0x00007ff8a7700000 - 0x00007ff8a775a000 	C:\Windows\system32\WS2_32.dll
0x00007ff8a2660000 - 0x00007ff8a268a000 	C:\Windows\SYSTEM32\WINMMBASE.dll
0x00007ff8a7630000 - 0x00007ff8a7639000 	C:\Windows\system32\NSI.dll
0x00007ff8a4ff0000 - 0x00007ff8a503f000 	C:\Windows\SYSTEM32\cfgmgr32.dll
0x00007ff8a3b30000 - 0x00007ff8a3b58000 	C:\Windows\SYSTEM32\DEVOBJ.dll
0x00007ff88cbc0000 - 0x00007ff88cbd0000 	C:\Program Files\Java\jre1.8.0_301\bin\verify.dll
0x00007ff88cb90000 - 0x00007ff88cbbb000 	C:\Program Files\Java\jre1.8.0_301\bin\java.dll
0x00007ff88cb60000 - 0x00007ff88cb78000 	C:\Program Files\Java\jre1.8.0_301\bin\zip.dll
0x00007ff8878c0000 - 0x00007ff887a49000 	C:\Windows\SYSTEM32\dbghelp.dll

VM Arguments:
jvm_args: -Dfile.encoding=Cp1252 
java_command: pruebas.Prueba1
java_class_path (initial): C:\Program Files\Java\jre1.8.0_301\lib\resources.jar;C:\Program Files\Java\jre1.8.0_301\lib\rt.jar;C:\Program Files\Java\jre1.8.0_301\lib\jsse.jar;C:\Program Files\Java\jre1.8.0_301\lib\jce.jar;C:\Program Files\Java\jre1.8.0_301\lib\charsets.jar;C:\Program Files\Java\jre1.8.0_301\lib\jfr.jar;C:\Program Files\Java\jre1.8.0_301\lib\ext\access-bridge-64.jar;C:\Program Files\Java\jre1.8.0_301\lib\ext\cldrdata.jar;C:\Program Files\Java\jre1.8.0_301\lib\ext\dnsns.jar;C:\Program Files\Java\jre1.8.0_301\lib\ext\jaccess.jar;C:\Program Files\Java\jre1.8.0_301\lib\ext\jfxrt.jar;C:\Program Files\Java\jre1.8.0_301\lib\ext\localedata.jar;C:\Program Files\Java\jre1.8.0_301\lib\ext\nashorn.jar;C:\Program Files\Java\jre1.8.0_301\lib\ext\sunec.jar;C:\Program Files\Java\jre1.8.0_301\lib\ext\sunjce_provider.jar;C:\Program Files\Java\jre1.8.0_301\lib\ext\sunmscapi.jar;C:\Program Files\Java\jre1.8.0_301\lib\ext\sunpkcs11.jar;C:\Program Files\Java\jre1.8.0_301\lib\ext\zipfs.jar;C:\Users\Geovannyy\git\t01_PROGRAMACION_ORIENTADA_A_OBJETOS\bin
Launcher Type: SUN_STANDARD

Environment Variables:
PATH=C:/Program Files/Java/jre1.8.0_301/bin/server;C:/Program Files/Java/jre1.8.0_301/bin;C:/Program Files/Java/jre1.8.0_301/lib/amd64;C:\Program Files (x86)\Common Files\Oracle\Java\javapath;C:\ProgramData\Oracle\Java\javapath;C:\Windows\system32;C:\Windows;C:\Windows\System32\Wbem;C:\Windows\System32\WindowsPowerShell\v1.0\;C:\Program Files (x86)\NVIDIA Corporation\PhysX\Common;G:\eclipse\eclipse;
USERNAME=Geovannyy
OS=Windows_NT
PROCESSOR_IDENTIFIER=Intel64 Family 6 Model 23 Stepping 10, GenuineIntel



---------------  S Y S T E M  ---------------

OS: Windows 8.1 , 64 bit Build 9600 (6.3.9600.19843)

CPU:total 2 (initial active 2) (2 cores per cpu, 1 threads per core) family 6 model 23 stepping 10, cmov, cx8, fxsr, mmx, sse, sse2, sse3, ssse3, sse4.1, tsc

Memory: 4k page, physical 5172472k(1357748k free), swap 20901112k(4500k free)

vm_info: Java HotSpot(TM) 64-Bit Server VM (25.301-b09) for windows-amd64 JRE (1.8.0_301-b09), built on Jun  9 2021 06:46:21 by "java_re" with MS VC++ 15.9 (VS2017)

time: Fri Jul 30 16:59:01 2021
timezone: Hora est. Pacífico, Sudamérica
elapsed time: 0.045983 seconds (0d 0h 0m 0s)

